This is pdfTeX, Version 3.14159265-2.6-1.40.19 (TeX Live 2018) (preloaded format=pdflatex 2019.3.11)  27 MAR 2019 15:57
entering extended mode
 restricted \write18 enabled.
 %&-line parsing enabled.
**ms.tex
(./ms.tex
LaTeX2e <2018-04-01> patch level 2
Babel <3.18> and hyphenation patterns for 84 language(s) loaded.
(/usr/local/texlive/2018/texmf-dist/tex/latex/base/article.cls
Document Class: article 2014/09/29 v1.4h Standard LaTeX document class
(/usr/local/texlive/2018/texmf-dist/tex/latex/base/size10.clo
File: size10.clo 2014/09/29 v1.4h Standard LaTeX file (size option)
)
\c@part=\count80
\c@section=\count81
\c@subsection=\count82
\c@subsubsection=\count83
\c@paragraph=\count84
\c@subparagraph=\count85
\c@figure=\count86
\c@table=\count87
\abovecaptionskip=\skip41
\belowcaptionskip=\skip42
\bibindent=\dimen102
)
(/usr/local/texlive/2018/texmf-dist/tex/latex/float/float.sty
Package: float 2001/11/08 v1.3d Float enhancements (AL)
\c@float@type=\count88
\float@exts=\toks14
\float@box=\box26
\@float@everytoks=\toks15
\@floatcapt=\box27
)
(/usr/local/texlive/2018/texmf-dist/tex/latex/subfig/subfig.sty
Package: subfig 2005/06/28 ver: 1.3 subfig package

(/usr/local/texlive/2018/texmf-dist/tex/latex/graphics/keyval.sty
Package: keyval 2014/10/28 v1.15 key=value parser (DPC)
\KV@toks@=\toks16
)
(/usr/local/texlive/2018/texmf-dist/tex/latex/caption/caption3.sty
Package: caption3 2016/05/22 v1.7-166 caption3 kernel (AR)
Package caption3 Info: TeX engine: e-TeX on input line 67.
\captionmargin=\dimen103
\captionmargin@=\dimen104
\captionwidth=\dimen105
\caption@tempdima=\dimen106
\caption@indent=\dimen107
\caption@parindent=\dimen108
\caption@hangindent=\dimen109
)
\c@KVtest=\count89
\sf@farskip=\skip43
\sf@captopadj=\dimen110
\sf@capskip=\skip44
\sf@nearskip=\skip45
\c@subfigure=\count90
\c@subfigure@save=\count91
\c@lofdepth=\count92
\c@subtable=\count93
\c@subtable@save=\count94
\c@lotdepth=\count95
\sf@top=\skip46
\sf@bottom=\skip47
)
(/usr/local/texlive/2018/texmf-dist/tex/latex/graphics/graphicx.sty
Package: graphicx 2017/06/01 v1.1a Enhanced LaTeX Graphics (DPC,SPQR)

(/usr/local/texlive/2018/texmf-dist/tex/latex/graphics/graphics.sty
Package: graphics 2017/06/25 v1.2c Standard LaTeX Graphics (DPC,SPQR)

(/usr/local/texlive/2018/texmf-dist/tex/latex/graphics/trig.sty
Package: trig 2016/01/03 v1.10 sin cos tan (DPC)
)
(/usr/local/texlive/2018/texmf-dist/tex/latex/graphics-cfg/graphics.cfg
File: graphics.cfg 2016/06/04 v1.11 sample graphics configuration
)
Package graphics Info: Driver file: pdftex.def on input line 99.

(/usr/local/texlive/2018/texmf-dist/tex/latex/graphics-def/pdftex.def
File: pdftex.def 2018/01/08 v1.0l Graphics/color driver for pdftex
))
\Gin@req@height=\dimen111
\Gin@req@width=\dimen112
)
(./cvpr.sty (/usr/local/texlive/2018/texmf-dist/tex/latex/eso-pic/eso-pic.sty
Package: eso-pic 2015/07/21 v2.0g eso-pic (RN)

(/usr/local/texlive/2018/texmf-dist/tex/generic/oberdiek/atbegshi.sty
Package: atbegshi 2016/06/09 v1.18 At begin shipout hook (HO)

(/usr/local/texlive/2018/texmf-dist/tex/generic/oberdiek/infwarerr.sty
Package: infwarerr 2016/05/16 v1.4 Providing info/warning/error messages (HO)
)
(/usr/local/texlive/2018/texmf-dist/tex/generic/oberdiek/ltxcmds.sty
Package: ltxcmds 2016/05/16 v1.23 LaTeX kernel commands for general use (HO)
)
(/usr/local/texlive/2018/texmf-dist/tex/generic/oberdiek/ifpdf.sty
Package: ifpdf 2017/03/15 v3.2 Provides the ifpdf switch
))
(/usr/local/texlive/2018/texmf-dist/tex/latex/xcolor/xcolor.sty
Package: xcolor 2016/05/11 v2.12 LaTeX color extensions (UK)

(/usr/local/texlive/2018/texmf-dist/tex/latex/graphics-cfg/color.cfg
File: color.cfg 2016/01/02 v1.6 sample color configuration
)
Package xcolor Info: Driver file: pdftex.def on input line 225.
Package xcolor Info: Model `cmy' substituted by `cmy0' on input line 1348.
Package xcolor Info: Model `hsb' substituted by `rgb' on input line 1352.
Package xcolor Info: Model `RGB' extended on input line 1364.
Package xcolor Info: Model `HTML' substituted by `rgb' on input line 1366.
Package xcolor Info: Model `Hsb' substituted by `hsb' on input line 1367.
Package xcolor Info: Model `tHsb' substituted by `hsb' on input line 1368.
Package xcolor Info: Model `HSB' substituted by `hsb' on input line 1369.
Package xcolor Info: Model `Gray' substituted by `gray' on input line 1370.
Package xcolor Info: Model `wave' substituted by `hsb' on input line 1371.
))
(/usr/local/texlive/2018/texmf-dist/tex/latex/tools/xspace.sty
Package: xspace 2014/10/28 v1.13 Space after command names (DPC,MH)
)
CVPR 8.5 x 11-Inch Proceedings Style `cvpr.sty'.
\@ctmp=\skip48
\@figindent=\skip49
\cvprrulerbox=\box28
\cvprrulercount=\count96
\cvprruleroffset=\dimen113
\cv@lineheight=\dimen114
\cv@boxheight=\dimen115
\cv@tmpbox=\box29
\cv@refno=\count97
\cv@tot=\count98
\cv@tmpc@=\count99
\cv@tmpc=\count100
) (/usr/local/texlive/2018/texmf-dist/tex/latex/psnfss/times.sty
Package: times 2005/04/12 PSNFSS-v9.2a (SPQR) 
)
(/usr/local/texlive/2018/texmf-dist/tex/latex/graphics/epsfig.sty
Package: epsfig 2017/06/25 v1.7b (e)psfig emulation (SPQR)
\epsfxsize=\dimen116
\epsfysize=\dimen117
)
(/usr/local/texlive/2018/texmf-dist/tex/latex/amsmath/amsmath.sty
Package: amsmath 2017/09/02 v2.17a AMS math features
\@mathmargin=\skip50

For additional information on amsmath, use the `?' option.
(/usr/local/texlive/2018/texmf-dist/tex/latex/amsmath/amstext.sty
Package: amstext 2000/06/29 v2.01 AMS text

(/usr/local/texlive/2018/texmf-dist/tex/latex/amsmath/amsgen.sty
File: amsgen.sty 1999/11/30 v2.0 generic functions
\@emptytoks=\toks17
\ex@=\dimen118
))
(/usr/local/texlive/2018/texmf-dist/tex/latex/amsmath/amsbsy.sty
Package: amsbsy 1999/11/29 v1.2d Bold Symbols
\pmbraise@=\dimen119
)
(/usr/local/texlive/2018/texmf-dist/tex/latex/amsmath/amsopn.sty
Package: amsopn 2016/03/08 v2.02 operator names
)
\inf@bad=\count101
LaTeX Info: Redefining \frac on input line 213.
\uproot@=\count102
\leftroot@=\count103
LaTeX Info: Redefining \overline on input line 375.
\classnum@=\count104
\DOTSCASE@=\count105
LaTeX Info: Redefining \ldots on input line 472.
LaTeX Info: Redefining \dots on input line 475.
LaTeX Info: Redefining \cdots on input line 596.
\Mathstrutbox@=\box30
\strutbox@=\box31
\big@size=\dimen120
LaTeX Font Info:    Redeclaring font encoding OML on input line 712.
LaTeX Font Info:    Redeclaring font encoding OMS on input line 713.
\macc@depth=\count106
\c@MaxMatrixCols=\count107
\dotsspace@=\muskip10
\c@parentequation=\count108
\dspbrk@lvl=\count109
\tag@help=\toks18
\row@=\count110
\column@=\count111
\maxfields@=\count112
\andhelp@=\toks19
\eqnshift@=\dimen121
\alignsep@=\dimen122
\tagshift@=\dimen123
\tagwidth@=\dimen124
\totwidth@=\dimen125
\lineht@=\dimen126
\@envbody=\toks20
\multlinegap=\skip51
\multlinetaggap=\skip52
\mathdisplay@stack=\toks21
LaTeX Info: Redefining \[ on input line 2817.
LaTeX Info: Redefining \] on input line 2818.
)
(/usr/local/texlive/2018/texmf-dist/tex/latex/amsfonts/amssymb.sty
Package: amssymb 2013/01/14 v3.01 AMS font symbols

(/usr/local/texlive/2018/texmf-dist/tex/latex/amsfonts/amsfonts.sty
Package: amsfonts 2013/01/14 v3.01 Basic AMSFonts support
\symAMSa=\mathgroup4
\symAMSb=\mathgroup5
LaTeX Font Info:    Overwriting math alphabet `\mathfrak' in version `bold'
(Font)                  U/euf/m/n --> U/euf/b/n on input line 106.
))
(/usr/local/texlive/2018/texmf-dist/tex/latex/hyperref/hyperref.sty
Package: hyperref 2018/02/06 v6.86b Hypertext links for LaTeX

(/usr/local/texlive/2018/texmf-dist/tex/generic/oberdiek/hobsub-hyperref.sty
Package: hobsub-hyperref 2016/05/16 v1.14 Bundle oberdiek, subset hyperref (HO)


(/usr/local/texlive/2018/texmf-dist/tex/generic/oberdiek/hobsub-generic.sty
Package: hobsub-generic 2016/05/16 v1.14 Bundle oberdiek, subset generic (HO)
Package: hobsub 2016/05/16 v1.14 Construct package bundles (HO)
Package hobsub Info: Skipping package `infwarerr' (already loaded).
Package hobsub Info: Skipping package `ltxcmds' (already loaded).
Package: ifluatex 2016/05/16 v1.4 Provides the ifluatex switch (HO)
Package ifluatex Info: LuaTeX not detected.
Package: ifvtex 2016/05/16 v1.6 Detect VTeX and its facilities (HO)
Package ifvtex Info: VTeX not detected.
Package: intcalc 2016/05/16 v1.2 Expandable calculations with integers (HO)
Package hobsub Info: Skipping package `ifpdf' (already loaded).
Package: etexcmds 2016/05/16 v1.6 Avoid name clashes with e-TeX commands (HO)
Package etexcmds Info: Could not find \expanded.
(etexcmds)             That can mean that you are not using pdfTeX 1.50 or
(etexcmds)             that some package has redefined \expanded.
(etexcmds)             In the latter case, load this package earlier.
Package: kvsetkeys 2016/05/16 v1.17 Key value parser (HO)
Package: kvdefinekeys 2016/05/16 v1.4 Define keys (HO)
Package: pdftexcmds 2018/01/30 v0.27 Utility functions of pdfTeX for LuaTeX (HO
)
Package pdftexcmds Info: LuaTeX not detected.
Package pdftexcmds Info: \pdf@primitive is available.
Package pdftexcmds Info: \pdf@ifprimitive is available.
Package pdftexcmds Info: \pdfdraftmode found.
Package: pdfescape 2016/05/16 v1.14 Implements pdfTeX's escape features (HO)
Package: bigintcalc 2016/05/16 v1.4 Expandable calculations on big integers (HO
)
Package: bitset 2016/05/16 v1.2 Handle bit-vector datatype (HO)
Package: uniquecounter 2016/05/16 v1.3 Provide unlimited unique counter (HO)
)
Package hobsub Info: Skipping package `hobsub' (already loaded).
Package: letltxmacro 2016/05/16 v1.5 Let assignment for LaTeX macros (HO)
Package: hopatch 2016/05/16 v1.3 Wrapper for package hooks (HO)
Package: xcolor-patch 2016/05/16 xcolor patch
Package: atveryend 2016/05/16 v1.9 Hooks at the very end of document (HO)
Package atveryend Info: \enddocument detected (standard20110627).
Package hobsub Info: Skipping package `atbegshi' (already loaded).
Package: refcount 2016/05/16 v3.5 Data extraction from label references (HO)
Package: hycolor 2016/05/16 v1.8 Color options for hyperref/bookmark (HO)
)
(/usr/local/texlive/2018/texmf-dist/tex/generic/ifxetex/ifxetex.sty
Package: ifxetex 2010/09/12 v0.6 Provides ifxetex conditional
)
(/usr/local/texlive/2018/texmf-dist/tex/latex/oberdiek/auxhook.sty
Package: auxhook 2016/05/16 v1.4 Hooks for auxiliary files (HO)
)
(/usr/local/texlive/2018/texmf-dist/tex/latex/oberdiek/kvoptions.sty
Package: kvoptions 2016/05/16 v3.12 Key value format for package options (HO)
)
\@linkdim=\dimen127
\Hy@linkcounter=\count113
\Hy@pagecounter=\count114

(/usr/local/texlive/2018/texmf-dist/tex/latex/hyperref/pd1enc.def
File: pd1enc.def 2018/02/06 v6.86b Hyperref: PDFDocEncoding definition (HO)
Now handling font encoding PD1 ...
... no UTF-8 mapping file for font encoding PD1
)
\Hy@SavedSpaceFactor=\count115

(/usr/local/texlive/2018/texmf-dist/tex/latex/latexconfig/hyperref.cfg
File: hyperref.cfg 2002/06/06 v1.2 hyperref configuration of TeXLive
)
Package hyperref Info: Option `breaklinks' set `true' on input line 4383.
Package hyperref Info: Option `bookmarks' set `false' on input line 4383.
Package hyperref Info: Hyper figures OFF on input line 4509.
Package hyperref Info: Link nesting OFF on input line 4514.
Package hyperref Info: Hyper index ON on input line 4517.
Package hyperref Info: Plain pages OFF on input line 4524.
Package hyperref Info: Backreferencing OFF on input line 4529.
Package hyperref Info: Implicit mode ON; LaTeX internals redefined.
Package hyperref Info: Bookmarks OFF on input line 4768.
\c@Hy@tempcnt=\count116

(/usr/local/texlive/2018/texmf-dist/tex/latex/url/url.sty
\Urlmuskip=\muskip11
Package: url 2013/09/16  ver 3.4  Verb mode for urls, etc.
)
LaTeX Info: Redefining \url on input line 5115.
\XeTeXLinkMargin=\dimen128
\Fld@menulength=\count117
\Field@Width=\dimen129
\Fld@charsize=\dimen130
Package hyperref Info: Hyper figures OFF on input line 6369.
Package hyperref Info: Link nesting OFF on input line 6374.
Package hyperref Info: Hyper index ON on input line 6377.
Package hyperref Info: backreferencing OFF on input line 6384.
Package hyperref Info: Link coloring OFF on input line 6389.
Package hyperref Info: Link coloring with OCG OFF on input line 6394.
Package hyperref Info: PDF/A mode OFF on input line 6399.
LaTeX Info: Redefining \ref on input line 6439.
LaTeX Info: Redefining \pageref on input line 6443.
\Hy@abspage=\count118
\c@Item=\count119
\c@Hfootnote=\count120
)
Package hyperref Info: Driver (autodetected): hpdftex.

(/usr/local/texlive/2018/texmf-dist/tex/latex/hyperref/hpdftex.def
File: hpdftex.def 2018/02/06 v6.86b Hyperref driver for pdfTeX
\Fld@listcount=\count121
\c@bookmark@seq@number=\count122

(/usr/local/texlive/2018/texmf-dist/tex/latex/oberdiek/rerunfilecheck.sty
Package: rerunfilecheck 2016/05/16 v1.8 Rerun checks for auxiliary files (HO)
Package uniquecounter Info: New unique counter `rerunfilecheck' on input line 2
82.
)
\Hy@SectionHShift=\skip53
)
(./ms.aux)
\openout1 = `ms.aux'.

LaTeX Font Info:    Checking defaults for OML/cmm/m/it on input line 27.
LaTeX Font Info:    ... okay on input line 27.
LaTeX Font Info:    Checking defaults for T1/cmr/m/n on input line 27.
LaTeX Font Info:    ... okay on input line 27.
LaTeX Font Info:    Checking defaults for OT1/cmr/m/n on input line 27.
LaTeX Font Info:    ... okay on input line 27.
LaTeX Font Info:    Checking defaults for OMS/cmsy/m/n on input line 27.
LaTeX Font Info:    ... okay on input line 27.
LaTeX Font Info:    Checking defaults for OMX/cmex/m/n on input line 27.
LaTeX Font Info:    ... okay on input line 27.
LaTeX Font Info:    Checking defaults for U/cmr/m/n on input line 27.
LaTeX Font Info:    ... okay on input line 27.
LaTeX Font Info:    Checking defaults for PD1/pdf/m/n on input line 27.
LaTeX Font Info:    ... okay on input line 27.
LaTeX Font Info:    Try loading font information for OT1+ptm on input line 27.
 (/usr/local/texlive/2018/texmf-dist/tex/latex/psnfss/ot1ptm.fd
File: ot1ptm.fd 2001/06/04 font definitions for OT1/ptm.
)
Package caption Info: Begin \AtBeginDocument code.
Package caption Info: subfig package v1.3 is loaded.
Package caption Info: End \AtBeginDocument code.

(/usr/local/texlive/2018/texmf-dist/tex/context/base/mkii/supp-pdf.mkii
[Loading MPS to PDF converter (version 2006.09.02).]
\scratchcounter=\count123
\scratchdimen=\dimen131
\scratchbox=\box32
\nofMPsegments=\count124
\nofMParguments=\count125
\everyMPshowfont=\toks22
\MPscratchCnt=\count126
\MPscratchDim=\dimen132
\MPnumerator=\count127
\makeMPintoPDFobject=\count128
\everyMPtoPDFconversion=\toks23
) (/usr/local/texlive/2018/texmf-dist/tex/latex/oberdiek/epstopdf-base.sty
Package: epstopdf-base 2016/05/15 v2.6 Base part for package epstopdf

(/usr/local/texlive/2018/texmf-dist/tex/latex/oberdiek/grfext.sty
Package: grfext 2016/05/16 v1.2 Manage graphics extensions (HO)
)
Package epstopdf-base Info: Redefining graphics rule for `.eps' on input line 4
38.
Package grfext Info: Graphics extension search list:
(grfext)             [.pdf,.png,.jpg,.mps,.jpeg,.jbig2,.jb2,.PDF,.PNG,.JPG,.JPE
G,.JBIG2,.JB2,.eps]
(grfext)             \AppendGraphicsExtensions on input line 456.

(/usr/local/texlive/2018/texmf-dist/tex/latex/latexconfig/epstopdf-sys.cfg
File: epstopdf-sys.cfg 2010/07/13 v1.3 Configuration of (r)epstopdf for TeX Liv
e
))
\AtBeginShipoutBox=\box33
Package hyperref Info: Link coloring OFF on input line 27.

(/usr/local/texlive/2018/texmf-dist/tex/latex/hyperref/nameref.sty
Package: nameref 2016/05/21 v2.44 Cross-referencing by name of section

(/usr/local/texlive/2018/texmf-dist/tex/generic/oberdiek/gettitlestring.sty
Package: gettitlestring 2016/05/16 v1.5 Cleanup title references (HO)
)
\c@section@level=\count129
)
LaTeX Info: Redefining \ref on input line 27.
LaTeX Info: Redefining \pageref on input line 27.
LaTeX Info: Redefining \nameref on input line 27.
LaTeX Font Info:    Font shape `OT1/ptm/bx/n' in size <14.4> not available
(Font)              Font shape `OT1/ptm/b/n' tried instead on input line 41.
LaTeX Font Info:    Try loading font information for U+msa on input line 41.

(/usr/local/texlive/2018/texmf-dist/tex/latex/amsfonts/umsa.fd
File: umsa.fd 2013/01/14 v3.01 AMS symbols A
)
LaTeX Font Info:    Try loading font information for U+msb on input line 41.

(/usr/local/texlive/2018/texmf-dist/tex/latex/amsfonts/umsb.fd
File: umsb.fd 2013/01/14 v3.01 AMS symbols B
)
LaTeX Font Info:    Try loading font information for OT1+pcr on input line 41.

(/usr/local/texlive/2018/texmf-dist/tex/latex/psnfss/ot1pcr.fd
File: ot1pcr.fd 2001/06/04 font definitions for OT1/pcr.
)
LaTeX Font Info:    Font shape `OT1/ptm/bx/n' in size <12> not available
(Font)              Font shape `OT1/ptm/b/n' tried instead on input line 43.
<Model.png, id=7, 995.3988pt x 254.8722pt>
File: Model.png Graphic file (type png)
<use Model.png>
Package pdftex.def Info: Model.png  used on input line 56.
(pdftex.def)             Requested size: 491.89041pt x 125.95016pt.
 [1{/usr/local/texlive/2018/texmf-var/fonts/map/pdftex/updmap/pdftex.map}


] [2 <./Model.png>]
<Receipts.png, id=52, 443.256pt x 341.1144pt>
File: Receipts.png Graphic file (type png)
<use Receipts.png>
Package pdftex.def Info: Receipts.png  used on input line 103.
(pdftex.def)             Requested size: 234.76587pt x 180.66483pt.

Underfull \hbox (badness 2189) in paragraph at lines 116--117
[]\OT1/ptm/m/n/10 Both CUTIE-A and CUITE-B con-ducts se-man-ti-cal
 []

LaTeX Font Info:    Font shape `OT1/ptm/bx/n' in size <10> not available
(Font)              Font shape `OT1/ptm/b/n' tried instead on input line 118.
[3 <./Receipts.png>]
<appendix/meals/Correct_0.png, id=93, 867.24pt x 1541.76pt>
File: appendix/meals/Correct_0.png Graphic file (type png)
<use appendix/meals/Correct_0.png>
Package pdftex.def Info: appendix/meals/Correct_0.png  used on input line 168.
(pdftex.def)             Requested size: 84.46465pt x 150.13867pt.
<appendix/meals/Correct_1.png, id=94, 1541.76pt x 1156.32pt>
File: appendix/meals/Correct_1.png Graphic file (type png)
<use appendix/meals/Correct_1.png>
Package pdftex.def Info: appendix/meals/Correct_1.png  used on input line 170.
(pdftex.def)             Requested size: 193.77362pt x 145.31598pt.
<appendix/meals/Correct_2.png, id=95, 867.24pt x 1541.76pt>
File: appendix/meals/Correct_2.png Graphic file (type png)
<use appendix/meals/Correct_2.png>
Package pdftex.def Info: appendix/meals/Correct_2.png  used on input line 172.
(pdftex.def)             Requested size: 84.46465pt x 150.13867pt.
<appendix/meals/Correct_3.png, id=96, 867.24pt x 1541.76pt>
File: appendix/meals/Correct_3.png Graphic file (type png)
<use appendix/meals/Correct_3.png>
Package pdftex.def Info: appendix/meals/Correct_3.png  used on input line 174.
(pdftex.def)             Requested size: 84.46465pt x 150.13867pt.
<appendix/meals/Correct_4.png, id=97, 1156.32pt x 1541.76pt>
File: appendix/meals/Correct_4.png Graphic file (type png)
<use appendix/meals/Correct_4.png>
Package pdftex.def Info: appendix/meals/Correct_4.png  used on input line 175.
(pdftex.def)             Requested size: 94.40388pt x 125.86052pt.
<appendix/meals/Correct_5.png, id=98, 1156.32pt x 1541.76pt>
File: appendix/meals/Correct_5.png Graphic file (type png)
<use appendix/meals/Correct_5.png>
Package pdftex.def Info: appendix/meals/Correct_5.png  used on input line 177.
(pdftex.def)             Requested size: 94.40388pt x 125.86052pt.
<appendix/meals/Correct_9.png, id=99, 1156.32pt x 1541.76pt>
File: appendix/meals/Correct_9.png Graphic file (type png)
<use appendix/meals/Correct_9.png>
Package pdftex.def Info: appendix/meals/Correct_9.png  used on input line 179.
(pdftex.def)             Requested size: 94.40388pt x 125.86052pt.
<appendix/meals/Correct_7.png, id=100, 1156.32pt x 1541.76pt>
File: appendix/meals/Correct_7.png Graphic file (type png)
<use appendix/meals/Correct_7.png>
Package pdftex.def Info: appendix/meals/Correct_7.png  used on input line 181.
(pdftex.def)             Requested size: 94.40388pt x 125.86052pt.
<appendix/meals/Correct_8.png, id=101, 1156.32pt x 1541.76pt>
File: appendix/meals/Correct_8.png Graphic file (type png)
<use appendix/meals/Correct_8.png>
Package pdftex.def Info: appendix/meals/Correct_8.png  used on input line 183.
(pdftex.def)             Requested size: 94.40388pt x 125.86052pt.

Overfull \hbox (2.36313pt too wide) in paragraph at lines 175--183
 [][][][][][][][][][][][][][][][][][] 
 []

<appendix/hotel/Correct_0.png, id=102, 1541.76pt x 1156.32pt>
File: appendix/hotel/Correct_0.png Graphic file (type png)
<use appendix/hotel/Correct_0.png>
Package pdftex.def Info: appendix/hotel/Correct_0.png  used on input line 184.
(pdftex.def)             Requested size: 173.90271pt x 130.42444pt.
<appendix/hotel/Correct_1.png, id=103, 971.63pt x 1541.76pt>
File: appendix/hotel/Correct_1.png Graphic file (type png)
<use appendix/hotel/Correct_1.png>
Package pdftex.def Info: appendix/hotel/Correct_1.png  used on input line 186.
(pdftex.def)             Requested size: 94.40388pt x 149.78578pt.
<appendix/hotel/Correct_2.png, id=104, 1156.32pt x 1541.76pt>
File: appendix/hotel/Correct_2.png Graphic file (type png)
<use appendix/hotel/Correct_2.png>
Package pdftex.def Info: appendix/hotel/Correct_2.png  used on input line 188.
(pdftex.def)             Requested size: 104.34314pt x 139.10529pt.
<appendix/hotel/Correct_3.png, id=105, 1156.32pt x 1541.76pt>
File: appendix/hotel/Correct_3.png Graphic file (type png)
<use appendix/hotel/Correct_3.png>
Package pdftex.def Info: appendix/hotel/Correct_3.png  used on input line 190.
(pdftex.def)             Requested size: 104.34314pt x 139.10529pt.

Overfull \hbox (0.53659pt too wide) in paragraph at lines 184--191
 [][][][][][][][][][][][][][] 
 []

[4]
Underfull \vbox (badness 10000) has occurred while \output is active []


Underfull \vbox (badness 10000) has occurred while \output is active []

 [5 <./appendix/meals/Correct_0.png> <./appendix/meals/Correct_1.png> <./append
ix/meals/Correct_2.png> <./appendix/meals/Correct_3.png> <./appendix/meals/Corr
ect_4.png> <./appendix/meals/Correct_5.png> <./appendix/meals/Correct_9.png> <.
/appendix/meals/Correct_7.png> <./appendix/meals/Correct_8.png> <./appendix/hot
el/Correct_0.png> <./appendix/hotel/Correct_1.png> <./appendix/hotel/Correct_2.
png> <./appendix/hotel/Correct_3.png>]
<appendix/meals/FalsePositive_0.png, id=166, 1156.32pt x 1541.76pt>
File: appendix/meals/FalsePositive_0.png Graphic file (type png)
<use appendix/meals/FalsePositive_0.png>
Package pdftex.def Info: appendix/meals/FalsePositive_0.png  used on input line
 210.
(pdftex.def)             Requested size: 73.51155pt x 98.00653pt.
<appendix/meals/FalsePositive_1.png, id=167, 1156.32pt x 1541.76pt>
File: appendix/meals/FalsePositive_1.png Graphic file (type png)
<use appendix/meals/FalsePositive_1.png>
Package pdftex.def Info: appendix/meals/FalsePositive_1.png  used on input line
 212.
(pdftex.def)             Requested size: 73.51155pt x 98.00653pt.
<appendix/meals/FalsePositive_3.png, id=168, 1156.32pt x 1541.76pt>
File: appendix/meals/FalsePositive_3.png Graphic file (type png)
<use appendix/meals/FalsePositive_3.png>
Package pdftex.def Info: appendix/meals/FalsePositive_3.png  used on input line
 214.
(pdftex.def)             Requested size: 73.51155pt x 98.00653pt.
<appendix/hotel/FalsePositive_0.png, id=169, 1156.32pt x 1541.76pt>
File: appendix/hotel/FalsePositive_0.png Graphic file (type png)
<use appendix/hotel/FalsePositive_0.png>
Package pdftex.def Info: appendix/hotel/FalsePositive_0.png  used on input line
 215.
(pdftex.def)             Requested size: 68.76782pt x 91.67822pt.
<appendix/taxi/FalsePositive_0.png, id=170, 1410.26875pt x 1540.75626pt>
File: appendix/taxi/FalsePositive_0.png Graphic file (type png)
<use appendix/taxi/FalsePositive_0.png>
Package pdftex.def Info: appendix/taxi/FalsePositive_0.png  used on input line 
217.
(pdftex.def)             Requested size: 82.99902pt x 90.67813pt.
<appendix/hotel/FalsePositive_1.png, id=171, 1156.32pt x 1541.76pt>
File: appendix/hotel/FalsePositive_1.png Graphic file (type png)
<use appendix/hotel/FalsePositive_1.png>
Package pdftex.def Info: appendix/hotel/FalsePositive_1.png  used on input line
 219.
(pdftex.def)             Requested size: 68.76782pt x 91.67822pt.

Overfull \hbox (3.79869pt too wide) in paragraph at lines 215--221
 [][][][][][][][][][][][] 
 []

<appendix/meals/FalseLabel_0.png, id=173, 988.69376pt x 1541.76pt>
File: appendix/meals/FalseLabel_0.png Graphic file (type png)
<use appendix/meals/FalseLabel_0.png>
Package pdftex.def Info: appendix/meals/FalseLabel_0.png  used on input line 22
9.
(pdftex.def)             Requested size: 66.39777pt x 103.53499pt.
<appendix/meals/FalseLabel_1.png, id=174, 1266.7325pt x 1541.76pt>
File: appendix/meals/FalseLabel_1.png Graphic file (type png)
<use appendix/meals/FalseLabel_1.png>
Package pdftex.def Info: appendix/meals/FalseLabel_1.png  used on input line 23
1.
(pdftex.def)             Requested size: 80.62535pt x 98.12416pt.
<appendix/meals/FalseLabel_2.png, id=175, 1104.125pt x 1541.76pt>
File: appendix/meals/FalseLabel_2.png Graphic file (type png)
<use appendix/meals/FalseLabel_2.png>
Package pdftex.def Info: appendix/meals/FalseLabel_2.png  used on input line 23
3.
(pdftex.def)             Requested size: 73.51155pt x 102.64102pt.
<appendix/meals/FalseLabel_3.png, id=176, 1156.32pt x 1541.76pt>
File: appendix/meals/FalseLabel_3.png Graphic file (type png)
<use appendix/meals/FalseLabel_3.png>
Package pdftex.def Info: appendix/meals/FalseLabel_3.png  used on input line 23
4.
(pdftex.def)             Requested size: 73.51155pt x 98.00653pt.
<appendix/hotel/FalseLabel_0.png, id=177, 1156.32pt x 1541.76pt>
File: appendix/hotel/FalseLabel_0.png Graphic file (type png)
<use appendix/hotel/FalseLabel_0.png>
Package pdftex.def Info: appendix/hotel/FalseLabel_0.png  used on input line 23
6.
(pdftex.def)             Requested size: 73.51155pt x 98.00653pt.
<appendix/taxi/FalseLabel_4.png, id=178, 1156.32pt x 1541.76pt>
File: appendix/taxi/FalseLabel_4.png Graphic file (type png)
<use appendix/taxi/FalseLabel_4.png>
Package pdftex.def Info: appendix/taxi/FalseLabel_4.png  used on input line 238
.
(pdftex.def)             Requested size: 73.51155pt x 98.00653pt.
<appendix/taxi/FalseLabel_0.png, id=179, 1156.32pt x 1541.76pt>
File: appendix/taxi/FalseLabel_0.png Graphic file (type png)
<use appendix/taxi/FalseLabel_0.png>
Package pdftex.def Info: appendix/taxi/FalseLabel_0.png  used on input line 239
.
(pdftex.def)             Requested size: 85.36908pt x 113.81555pt.
<appendix/taxi/FalseLabel_5.png, id=180, 543.02875pt x 1155.31625pt>
File: appendix/taxi/FalseLabel_5.png Graphic file (type png)
<use appendix/taxi/FalseLabel_5.png>
Package pdftex.def Info: appendix/taxi/FalseLabel_5.png  used on input line 241
.
(pdftex.def)             Requested size: 52.17018pt x 110.99019pt.
<appendix/hotel/FalseLabel_1.png, id=181, 1156.32pt x 1541.76pt>
File: appendix/hotel/FalseLabel_1.png Graphic file (type png)
<use appendix/hotel/FalseLabel_1.png>
Package pdftex.def Info: appendix/hotel/FalseLabel_1.png  used on input line 24
3.
(pdftex.def)             Requested size: 85.36908pt x 113.81555pt.

Underfull \vbox (badness 3029) has occurred while \output is active []

 [6 <./appendix/meals/FalsePositive_0.png> <./appendix/meals/FalsePositive_1.pn
g> <./appendix/meals/FalsePositive_3.png> <./appendix/hotel/FalsePositive_0.png
> <./appendix/taxi/FalsePositive_0.png (PNG copy)> <./appendix/hotel/FalsePosit
ive_1.png>]
[7 <./appendix/meals/FalseLabel_0.png> <./appendix/meals/FalseLabel_1.png> <./a
ppendix/meals/FalseLabel_2.png (PNG copy)> <./appendix/meals/FalseLabel_3.png (
PNG copy)> <./appendix/hotel/FalseLabel_0.png> <./appendix/taxi/FalseLabel_4.pn
g (PNG copy)> <./appendix/taxi/FalseLabel_0.png (PNG copy)> <./appendix/taxi/Fa
lseLabel_5.png> <./appendix/hotel/FalseLabel_1.png>] (./ms.bbl)
LaTeX Font Info:    Try loading font information for OMS+ptm on input line 321.


(/usr/local/texlive/2018/texmf-dist/tex/latex/psnfss/omsptm.fd
File: omsptm.fd 
)
LaTeX Font Info:    Font shape `OMS/ptm/m/n' in size <10> not available
(Font)              Font shape `OMS/cmsy/m/n' tried instead on input line 321.

Overfull \hbox (284.5526pt too wide) in paragraph at lines 315--325
 [] 
 []


Underfull \vbox (badness 1675) has occurred while \output is active []

 [8]
Package atveryend Info: Empty hook `BeforeClearDocument' on input line 329.

[9

]
Package atveryend Info: Empty hook `AfterLastShipout' on input line 329.
 (./ms.aux)
Package atveryend Info: Executing hook `AtVeryEndDocument' on input line 329.
Package atveryend Info: Empty hook `AtEndAfterFileList' on input line 329.
Package atveryend Info: Empty hook `AtVeryVeryEnd' on input line 329.
 ) 
Here is how much of TeX's memory you used:
 7688 strings out of 492649
 114517 string characters out of 6129622
 220584 words of memory out of 5000000
 11330 multiletter control sequences out of 15000+600000
 26528 words of font info for 63 fonts, out of 8000000 for 9000
 1141 hyphenation exceptions out of 8191
 37i,10n,39p,2023b,371s stack positions out of 5000i,500n,10000p,200000b,80000s
{/usr/local/texlive/2018/texmf-dist/fonts/enc/dvips/base/8r.enc}</usr/local/t
exlive/2018/texmf-dist/fonts/type1/public/amsfonts/cm/cmex10.pfb></usr/local/te
xlive/2018/texmf-dist/fonts/type1/public/amsfonts/cm/cmmi10.pfb></usr/local/tex
live/2018/texmf-dist/fonts/type1/public/amsfonts/cm/cmmi5.pfb></usr/local/texli
ve/2018/texmf-dist/fonts/type1/public/amsfonts/cm/cmmi7.pfb></usr/local/texlive
/2018/texmf-dist/fonts/type1/public/amsfonts/cm/cmr10.pfb></usr/local/texlive/2
018/texmf-dist/fonts/type1/public/amsfonts/cm/cmr5.pfb></usr/local/texlive/2018
/texmf-dist/fonts/type1/public/amsfonts/cm/cmr7.pfb></usr/local/texlive/2018/te
xmf-dist/fonts/type1/public/amsfonts/cm/cmsy10.pfb></usr/local/texlive/2018/tex
mf-dist/fonts/type1/public/amsfonts/cm/cmsy5.pfb></usr/local/texlive/2018/texmf
-dist/fonts/type1/public/amsfonts/cm/cmsy7.pfb></usr/local/texlive/2018/texmf-d
ist/fonts/type1/urw/courier/ucrr8a.pfb></usr/local/texlive/2018/texmf-dist/font
s/type1/urw/times/utmb8a.pfb></usr/local/texlive/2018/texmf-dist/fonts/type1/ur
w/times/utmr8a.pfb></usr/local/texlive/2018/texmf-dist/fonts/type1/urw/times/ut
mri8a.pfb>
Output written on ms.pdf (9 pages, 45911246 bytes).
PDF statistics:
 325 PDF objects out of 1000 (max. 8388607)
 242 compressed objects within 3 object streams
 105 named destinations out of 1000 (max. 500000)
 151 words of extra memory for PDF output out of 10000 (max. 10000000)

